<?xml version="1.0" encoding="UTF-8"?>
<!-- Generated by org.testng.reporters.JUnitReportReporter -->
<testsuite hostname="DESKTOP-VU1F7B6" failures="0" tests="1" name="dataprovider2.DataProvider_2" time="3.859" errors="0" timestamp="2023-03-01T13:21:01 IST" skipped="0">
  <testcase classname="dataprovider2.DataProvider_2" name="login" time="3.859"/>
  <system-out/>
</testsuite> <!-- dataprovider2.DataProvider_2 -->
